2025-07-29 18:59:15,268 - INFO - Staring Browser Session...
2025-07-29 18:59:26,123 - INFO - Staring Browser Session...
2025-07-29 18:59:26,728 - INFO - Browser Launch Successfully.
2025-07-29 19:00:37,088 - INFO - URL Open Successfully.
2025-07-29 19:00:37,219 - INFO - Click on JS Normal Alert
2025-07-29 19:00:37,235 - INFO - I am a JS Alert
2025-07-29 19:00:37,254 - INFO - Alert Accept.
2025-07-29 19:00:37,254 - INFO - Script Complete.
2025-07-29 19:00:37,348 - INFO - End Browser Session...
2025-07-29 19:21:29,959 - INFO - Staring Browser Session...
2025-07-29 19:21:30,640 - INFO - Browser Launch Successfully.
2025-07-29 19:21:34,007 - INFO - URL Open Successfully.
2025-07-29 19:21:34,007 - INFO - File Path Set Successfully
2025-07-29 19:21:55,652 - INFO - Element 'JS Alert Button' not found with Explicit wait.
2025-07-29 19:21:55,652 - INFO - Script Complete.
2025-07-29 19:21:55,784 - INFO - End Browser Session...
2025-07-29 19:22:23,333 - INFO - Staring Browser Session...
2025-07-29 19:22:23,961 - INFO - Browser Launch Successfully.
2025-07-29 19:22:28,056 - INFO - URL Open Successfully.
2025-07-29 19:22:28,056 - INFO - File Path Set Successfully
2025-07-29 19:22:28,111 - INFO - File Selected Successfully.
2025-07-29 19:22:28,129 - INFO - Element 'JS Alert Button' not found with Explicit wait.
2025-07-29 19:22:28,129 - INFO - Script Complete.
2025-07-29 19:22:28,209 - INFO - End Browser Session...
2025-07-29 19:23:11,570 - INFO - Staring Browser Session...
2025-07-29 19:23:12,189 - INFO - Browser Launch Successfully.
2025-07-29 19:23:16,805 - INFO - URL Open Successfully.
2025-07-29 19:23:16,805 - INFO - File Path Set Successfully
2025-07-29 19:23:16,904 - INFO - File Selected Successfully.
2025-07-29 19:23:16,944 - INFO - Element 'JS Alert Button' not found with Explicit wait.
2025-07-29 19:23:16,944 - INFO - Script Complete.
2025-07-29 19:23:38,151 - INFO - Staring Browser Session...
2025-07-29 19:23:38,758 - INFO - Browser Launch Successfully.
2025-07-29 19:23:42,563 - INFO - URL Open Successfully.
2025-07-29 19:23:42,563 - INFO - File Path Set Successfully
2025-07-29 19:23:42,640 - INFO - File Selected Successfully.
2025-07-29 19:23:42,664 - INFO - Element 'JS Alert Button' not found with Explicit wait.
2025-07-29 19:23:42,664 - INFO - Script Complete.
2025-07-29 19:23:57,763 - INFO - End Browser Session...
2025-07-29 19:28:16,942 - INFO - Staring Browser Session...
2025-07-29 19:28:17,563 - INFO - Browser Launch Successfully.
2025-07-29 19:28:19,882 - INFO - URL Open Successfully.
2025-07-29 19:28:19,882 - INFO - File Path Set Successfully
2025-07-29 19:28:19,945 - INFO - File Selected Successfully.
2025-07-29 19:28:23,556 - INFO - Upload Button Clicked Succesfully..
2025-07-29 19:28:23,556 - INFO - Script Complete.
2025-07-29 19:28:27,766 - INFO - Staring Browser Session...
2025-07-29 19:28:28,401 - INFO - Browser Launch Successfully.
2025-07-29 19:28:30,640 - INFO - URL Open Successfully.
2025-07-29 19:28:30,640 - INFO - File Path Set Successfully
2025-07-29 19:28:30,687 - INFO - File Selected Successfully.
2025-07-29 19:28:34,097 - INFO - Upload Button Clicked Succesfully..
2025-07-29 19:28:34,098 - INFO - Script Complete.
2025-07-29 19:31:35,033 - INFO - Staring Browser Session...
2025-07-29 19:31:35,671 - INFO - Browser Launch Successfully.
2025-07-29 19:31:37,526 - INFO - URL Open Successfully.
2025-07-29 19:31:37,526 - INFO - File Path Set Successfully
2025-07-29 19:31:37,568 - INFO - File Selected Successfully.
2025-07-29 19:31:40,817 - INFO - Upload Button Clicked Succesfully..
2025-07-29 19:31:40,817 - INFO - Script Complete.
